c:\users\elias\documents\visual studio 2015\projects\waveformedit\waveformedit\debug\vc140.pdb
c:\users\elias\documents\visual studio 2015\projects\waveformedit\waveformedit\debug\vc140.idb
c:\users\elias\documents\visual studio 2015\projects\waveformedit\waveformedit\debug\wfedit.obj
c:\users\elias\documents\visual studio 2015\projects\waveformedit\waveformedit\debug\glwindow.obj
c:\users\elias\documents\visual studio 2015\projects\waveformedit\waveformedit\debug\glext_loader.obj
c:\users\elias\documents\visual studio 2015\projects\waveformedit\waveformedit\debug\lodepng.obj
c:\users\elias\documents\visual studio 2015\projects\waveformedit\waveformedit\debug\shader.obj
c:\users\elias\documents\visual studio 2015\projects\waveformedit\waveformedit\debug\texture.obj
c:\users\elias\documents\visual studio 2015\projects\waveformedit\debug\waveformedit.ilk
c:\users\elias\documents\visual studio 2015\projects\waveformedit\debug\waveformedit.exe
c:\users\elias\documents\visual studio 2015\projects\waveformedit\debug\waveformedit.pdb
c:\users\elias\documents\visual studio 2015\projects\waveformedit\waveformedit\debug\waveformedit.tlog\cl.command.1.tlog
c:\users\elias\documents\visual studio 2015\projects\waveformedit\waveformedit\debug\waveformedit.tlog\cl.read.1.tlog
c:\users\elias\documents\visual studio 2015\projects\waveformedit\waveformedit\debug\waveformedit.tlog\cl.write.1.tlog
c:\users\elias\documents\visual studio 2015\projects\waveformedit\waveformedit\debug\waveformedit.tlog\link.7516-cvtres.read.1.tlog
c:\users\elias\documents\visual studio 2015\projects\waveformedit\waveformedit\debug\waveformedit.tlog\link.7516-cvtres.write.1.tlog
c:\users\elias\documents\visual studio 2015\projects\waveformedit\waveformedit\debug\waveformedit.tlog\link.7516-rc.read.1.tlog
c:\users\elias\documents\visual studio 2015\projects\waveformedit\waveformedit\debug\waveformedit.tlog\link.7516-rc.write.1.tlog
c:\users\elias\documents\visual studio 2015\projects\waveformedit\waveformedit\debug\waveformedit.tlog\link.7516.read.1.tlog
c:\users\elias\documents\visual studio 2015\projects\waveformedit\waveformedit\debug\waveformedit.tlog\link.7516.write.1.tlog
c:\users\elias\documents\visual studio 2015\projects\waveformedit\waveformedit\debug\waveformedit.tlog\link.command.1.tlog
c:\users\elias\documents\visual studio 2015\projects\waveformedit\waveformedit\debug\waveformedit.tlog\link.read.1.tlog
c:\users\elias\documents\visual studio 2015\projects\waveformedit\waveformedit\debug\waveformedit.tlog\link.write.1.tlog
